1594068547762	mozrunner::runner	INFO	Running command: "/usr/bin/firefox" "-marionette" "-foreground" "-no-remote" "-profile" "/tmp/rust_mozprofilePH8Tdv"
1594068548781	addons.webextension.screenshots@mozilla.org	WARN	Loading extension 'screenshots@mozilla.org': Reading manifest: Invalid extension permission: mozillaAddons
1594068548782	addons.webextension.screenshots@mozilla.org	WARN	Loading extension 'screenshots@mozilla.org': Reading manifest: Invalid extension permission: telemetry
1594068548782	addons.webextension.screenshots@mozilla.org	WARN	Loading extension 'screenshots@mozilla.org': Reading manifest: Invalid extension permission: resource://pdf.js/
1594068548782	addons.webextension.screenshots@mozilla.org	WARN	Loading extension 'screenshots@mozilla.org': Reading manifest: Invalid extension permission: about:reader*
Sandbox: seccomp sandbox violation: pid 15414, tid 15414, syscall 315, args 15414 139624660525504 56 0 50 139624660525504.
Sandbox: seccomp sandbox violation: pid 15441, tid 15441, syscall 315, args 15441 140452723078080 56 0 43 140452723078080.
JavaScript error: undefined, line 14: Error: An unexpected error occurred
JavaScript error: moz-extension://223741d1-62ba-444b-824c-e7209ca628fb/lib/picture_in_picture_overrides.js, line 15: Error: Incorrect argument types for pictureInPictureParent.setOverrides.
JavaScript error: resource:///modules/sessionstore/SessionStore.jsm, line 1325: uncaught exception: 2147746065
1594068551711	Marionette	INFO	Listening on port 39795
1594068551816	Marionette	WARN	TLS certificate errors will be ignored for this session
[Parent 15321, Gecko_IOThread] WARNING: pipe error (71): Connection reset by peer: file /build/firefox-esr-FteunY/firefox-esr-68.8.0esr/ipc/chromium/src/chrome/common/ipc_channel_posix.cc, line 358
1594068557905	Marionette	INFO	Stopped listening on port 39795
1594068574146	mozrunner::runner	INFO	Running command: "/usr/bin/firefox" "-marionette" "-foreground" "-no-remote" "-profile" "/tmp/rust_mozprofileVzC2cj"
1594068574948	addons.webextension.screenshots@mozilla.org	WARN	Loading extension 'screenshots@mozilla.org': Reading manifest: Invalid extension permission: mozillaAddons
1594068574948	addons.webextension.screenshots@mozilla.org	WARN	Loading extension 'screenshots@mozilla.org': Reading manifest: Invalid extension permission: telemetry
1594068574948	addons.webextension.screenshots@mozilla.org	WARN	Loading extension 'screenshots@mozilla.org': Reading manifest: Invalid extension permission: resource://pdf.js/
1594068574948	addons.webextension.screenshots@mozilla.org	WARN	Loading extension 'screenshots@mozilla.org': Reading manifest: Invalid extension permission: about:reader*
Sandbox: seccomp sandbox violation: pid 15643, tid 15643, syscall 315, args 15643 140058538826048 56 0 26 140058538826048.
Sandbox: seccomp sandbox violation: pid 15669, tid 15669, syscall 315, args 15669 139675134421440 56 0 24 139675134421440.
JavaScript error: undefined, line 14: Error: An unexpected error occurred
JavaScript error: moz-extension://67cc9a7f-4630-4928-a37e-46838677b24b/lib/picture_in_picture_overrides.js, line 15: Error: Incorrect argument types for pictureInPictureParent.setOverrides.
JavaScript error: resource:///modules/sessionstore/SessionStore.jsm, line 1325: uncaught exception: 2147746065
1594068577390	Marionette	INFO	Listening on port 42133
1594068577458	Marionette	WARN	TLS certificate errors will be ignored for this session
1594068584267	Marionette	INFO	Stopped listening on port 42133
